0 info it worked if it ends with ok
1 verbose cli [ 'C:\\Users\\Darin\\AppData\\Local\\.meteor\\packages\\meteor-tool\\1.4.2_7\\mt-os.windows.x86_32\\dev_bundle\\bin\\node.exe',
1 verbose cli   'C:\\Users\\Darin\\AppData\\Local\\.meteor\\packages\\meteor-tool\\1.4.2_7\\mt-os.windows.x86_32\\dev_bundle\\lib\\node_modules\\npm\\bin\\npm-cli.js',
1 verbose cli   'run',
1 verbose cli   'dev' ]
2 info using npm@3.10.9
3 info using node@v4.7.3
4 verbose run-script [ 'predev', 'dev', 'postdev' ]
5 info lifecycle poop@~predev: poop@
6 silly lifecycle poop@~predev: no script for predev, continuing
7 info lifecycle poop@~dev: poop@
8 verbose lifecycle poop@~dev: unsafe-perm in lifecycle true
9 verbose lifecycle poop@~dev: PATH: C:\Users\Darin\AppData\Local\.meteor\packages\meteor-tool\1.4.2_7\mt-os.windows.x86_32\dev_bundle\lib\node_modules\npm\bin\node-gyp-bin;C:\Users\Darin\workspace\polling-app\node_modules\.bin;C:\Users\Darin\AppData\Local\.meteor\packages\meteor-tool\1.4.2_7\mt-os.windows.x86_32\dev_bundle\bin;C:\Users\Darin\AppData\Local\.meteor\packages\meteor-tool\1.4.2_7\mt-os.windows.x86_32\dev_bundle\lib\node_modules\.bin;C:\Users\Darin\bin;C:\Program Files\Git\mingw64\bin;C:\Program Files\Git\usr\local\bin;C:\Program Files\Git\usr\bin;C:\Program Files\Git\usr\bin;C:\Program Files\Git\mingw64\bin;C:\Program Files\Git\usr\bin;C:\Users\Darin\bin;C:\ProgramData\Oracle\Java\javapath;C:\Program Files (x86)\Intel\iCLS Client;C:\Program Files\Intel\iCLS Client;C:\Windows\system32;C:\Windows;C:\Windows\System32\Wbem;C:\Windows\System32\WindowsPowerShell\v1.0;C:\Program Files (x86)\Acer\abFiles;C:\Program Files\Intel\Intel(R) Management Engine Components\DAL;C:\Program Files (x86)\Intel\Intel(R) Management Engine Components\DAL;C:\Program Files\Intel\Intel(R) Management Engine Components\IPT;C:\Program Files (x86)\Intel\Intel(R) Management Engine Components\IPT;C:\WINDOWS\system32;C:\WINDOWS;C:\WINDOWS\System32\Wbem;C:\WINDOWS\System32\WindowsPowerShell\v1.0;C:\WINDOWS\system32;C:\WINDOWS;C:\WINDOWS\System32\Wbem;C:\WINDOWS\System32\WindowsPowerShell\v1.0;C:\Program Files (x86)\NVIDIA Corporation\PhysX\Common;C:\Program Files (x86)\Heroku\bin;C:\Program Files (x86)\git\cmd;C:\Program Files (x86)\Git\cmd;C:\Program Files (x86)\Skype\Phone;C:\Program Files (x86)\SSH Communications Security\SSH Secure Shell;C:\Users\Darin\AppData\Local\Microsoft\WindowsApps;C:\Users\Darin\AppData\Local\atom\bin;C:\Users\Darin\AppData\Local\.meteor;C:\Program Files\Git\usr\bin\vendor_perl;C:\Program Files\Git\usr\bin\core_perl
10 verbose lifecycle poop@~dev: CWD: C:\Users\Darin\workspace\polling-app
11 silly lifecycle poop@~dev: Args: [ '/d /s /c', 'meteor --settings server/settings/develop.json' ]
12 silly lifecycle poop@~dev: Returned: code: 254  signal: null
13 info lifecycle poop@~dev: Failed to exec dev script
14 verbose stack Error: poop@ dev: `meteor --settings server/settings/develop.json`
14 verbose stack Exit status 254
14 verbose stack     at EventEmitter.<anonymous> (C:\Users\Darin\AppData\Local\.meteor\packages\meteor-tool\1.4.2_7\mt-os.windows.x86_32\dev_bundle\lib\node_modules\npm\lib\utils\lifecycle.js:255:16)
14 verbose stack     at emitTwo (events.js:87:13)
14 verbose stack     at EventEmitter.emit (events.js:172:7)
14 verbose stack     at ChildProcess.<anonymous> (C:\Users\Darin\AppData\Local\.meteor\packages\meteor-tool\1.4.2_7\mt-os.windows.x86_32\dev_bundle\lib\node_modules\npm\lib\utils\spawn.js:40:14)
14 verbose stack     at emitTwo (events.js:87:13)
14 verbose stack     at ChildProcess.emit (events.js:172:7)
14 verbose stack     at maybeClose (internal/child_process.js:854:16)
14 verbose stack     at Process.ChildProcess._handle.onexit (internal/child_process.js:222:5)
15 verbose pkgid poop@
16 verbose cwd C:\Users\Darin\workspace\polling-app
17 error Windows_NT 10.0.14393
18 error argv "C:\\Users\\Darin\\AppData\\Local\\.meteor\\packages\\meteor-tool\\1.4.2_7\\mt-os.windows.x86_32\\dev_bundle\\bin\\node.exe" "C:\\Users\\Darin\\AppData\\Local\\.meteor\\packages\\meteor-tool\\1.4.2_7\\mt-os.windows.x86_32\\dev_bundle\\lib\\node_modules\\npm\\bin\\npm-cli.js" "run" "dev"
19 error node v4.7.3
20 error npm  v3.10.9
21 error code ELIFECYCLE
22 error poop@ dev: `meteor --settings server/settings/develop.json`
22 error Exit status 254
23 error Failed at the poop@ dev script 'meteor --settings server/settings/develop.json'.
23 error Make sure you have the latest version of node.js and npm installed.
23 error If you do, this is most likely a problem with the poop package,
23 error not with npm itself.
23 error Tell the author that this fails on your system:
23 error     meteor --settings server/settings/develop.json
23 error You can get information on how to open an issue for this project with:
23 error     npm bugs poop
23 error Or if that isn't available, you can get their info via:
23 error     npm owner ls poop
23 error There is likely additional logging output above.
24 verbose exit [ 1, true ]
