0 info it worked if it ends with ok
1 verbose cli [ '/home/maxwell/.meteor/packages/meteor-tool/.1.4.2_7.omuhrn++os.linux.x86_64+web.browser+web.cordova/mt-os.linux.x86_64/dev_bundle/bin/node',
1 verbose cli   '/home/maxwell/.meteor/packages/meteor-tool/.1.4.2_7.omuhrn++os.linux.x86_64+web.browser+web.cordova/mt-os.linux.x86_64/dev_bundle/bin/npm',
1 verbose cli   'run',
1 verbose cli   'lint' ]
2 info using npm@3.10.9
3 info using node@v4.7.3
4 verbose run-script [ 'prelint', 'lint', 'postlint' ]
5 info lifecycle poop@~prelint: poop@
6 silly lifecycle poop@~prelint: no script for prelint, continuing
7 info lifecycle poop@~lint: poop@
8 verbose lifecycle poop@~lint: unsafe-perm in lifecycle true
9 verbose lifecycle poop@~lint: PATH: /home/maxwell/.meteor/packages/meteor-tool/.1.4.2_7.omuhrn++os.linux.x86_64+web.browser+web.cordova/mt-os.linux.x86_64/dev_bundle/lib/node_modules/npm/bin/node-gyp-bin:/home/maxwell/Code/polling-app/node_modules/.bin:/home/maxwell/.meteor/packages/meteor-tool/.1.4.2_7.omuhrn++os.linux.x86_64+web.browser+web.cordova/mt-os.linux.x86_64/dev_bundle/bin:/home/maxwell/.meteor/packages/meteor-tool/.1.4.2_7.omuhrn++os.linux.x86_64+web.browser+web.cordova/mt-os.linux.x86_64/dev_bundle/lib/node_modules/.bin:/home/maxwell/bin:/home/maxwell/.local/bin:/usr/local/sbin:/usr/local/bin:/usr/sbin:/usr/bin:/sbin:/bin:/usr/games:/usr/local/games:/usr/lib/jvm/java-8-oracle/bin:/usr/lib/jvm/java-8-oracle/db/bin:/usr/lib/jvm/java-8-oracle/jre/bin
10 verbose lifecycle poop@~lint: CWD: /home/maxwell/Code/polling-app
11 silly lifecycle poop@~lint: Args: [ '-c', 'eslint .' ]
12 silly lifecycle poop@~lint: Returned: code: 1  signal: null
13 info lifecycle poop@~lint: Failed to exec lint script
14 verbose stack Error: poop@ lint: `eslint .`
14 verbose stack Exit status 1
14 verbose stack     at EventEmitter.<anonymous> (/home/maxwell/.meteor/packages/meteor-tool/.1.4.2_7.omuhrn++os.linux.x86_64+web.browser+web.cordova/mt-os.linux.x86_64/dev_bundle/lib/node_modules/npm/lib/utils/lifecycle.js:255:16)
14 verbose stack     at emitTwo (events.js:87:13)
14 verbose stack     at EventEmitter.emit (events.js:172:7)
14 verbose stack     at ChildProcess.<anonymous> (/home/maxwell/.meteor/packages/meteor-tool/.1.4.2_7.omuhrn++os.linux.x86_64+web.browser+web.cordova/mt-os.linux.x86_64/dev_bundle/lib/node_modules/npm/lib/utils/spawn.js:40:14)
14 verbose stack     at emitTwo (events.js:87:13)
14 verbose stack     at ChildProcess.emit (events.js:172:7)
14 verbose stack     at maybeClose (internal/child_process.js:854:16)
14 verbose stack     at Process.ChildProcess._handle.onexit (internal/child_process.js:222:5)
15 verbose pkgid poop@
16 verbose cwd /home/maxwell/Code/polling-app/imports/client/modules/view-poll/components
17 error Linux 4.4.0-66-generic
18 error argv "/home/maxwell/.meteor/packages/meteor-tool/.1.4.2_7.omuhrn++os.linux.x86_64+web.browser+web.cordova/mt-os.linux.x86_64/dev_bundle/bin/node" "/home/maxwell/.meteor/packages/meteor-tool/.1.4.2_7.omuhrn++os.linux.x86_64+web.browser+web.cordova/mt-os.linux.x86_64/dev_bundle/bin/npm" "run" "lint"
19 error node v4.7.3
20 error npm  v3.10.9
21 error code ELIFECYCLE
22 error poop@ lint: `eslint .`
22 error Exit status 1
23 error Failed at the poop@ lint script 'eslint .'.
23 error Make sure you have the latest version of node.js and npm installed.
23 error If you do, this is most likely a problem with the poop package,
23 error not with npm itself.
23 error Tell the author that this fails on your system:
23 error     eslint .
23 error You can get information on how to open an issue for this project with:
23 error     npm bugs poop
23 error Or if that isn't available, you can get their info via:
23 error     npm owner ls poop
23 error There is likely additional logging output above.
24 verbose exit [ 1, true ]
